number of train dataset: 50000
number of test dataset: 10000
Start epoch 0
After update 0 times, the loss is [4.292094], the accuracy is 0.08.
After update 10 times, the loss is [2.6962616], the accuracy is 0.12090909090909091.
After update 20 times, the loss is [2.5233192], the accuracy is 0.12761904761904763.
After update 30 times, the loss is [2.4232185], the accuracy is 0.1403225806451613.
After update 40 times, the loss is [2.3616173], the accuracy is 0.15121951219512195.
After update 50 times, the loss is [2.313984], the accuracy is 0.16176470588235295.
After update 60 times, the loss is [2.2770991], the accuracy is 0.16901639344262295.
After update 70 times, the loss is [2.2490578], the accuracy is 0.17704225352112676.
After update 80 times, the loss is [2.2295673], the accuracy is 0.1811111111111111.
After update 90 times, the loss is [2.2136002], the accuracy is 0.18318681318681318.
After update 100 times, the loss is [2.1966138], the accuracy is 0.18702970297029703.
After update 110 times, the loss is [2.18561], the accuracy is 0.19054054054054054.
After update 120 times, the loss is [2.174332], the accuracy is 0.19388429752066116.
After update 130 times, the loss is [2.1634607], the accuracy is 0.1983206106870229.
After update 140 times, the loss is [2.1545324], the accuracy is 0.1998581560283688.
After update 150 times, the loss is [2.1473103], the accuracy is 0.20205298013245032.
After update 160 times, the loss is [2.1403499], the accuracy is 0.20298136645962733.
After update 170 times, the loss is [2.133001], the accuracy is 0.2047953216374269.
After update 180 times, the loss is [2.127798], the accuracy is 0.207292817679558.
After update 190 times, the loss is [2.1201096], the accuracy is 0.20973821989528796.
After update 200 times, the loss is [2.112693], the accuracy is 0.21208955223880596.
After update 210 times, the loss is [2.104573], the accuracy is 0.21454976303317536.
After update 220 times, the loss is [2.0975971], the accuracy is 0.217420814479638.
After update 230 times, the loss is [2.091706], the accuracy is 0.21956709956709958.
After update 240 times, the loss is [2.0844002], the accuracy is 0.22199170124481327.
After update 250 times, the loss is [2.0776336], the accuracy is 0.2244621513944223.
After update 260 times, the loss is [2.071016], the accuracy is 0.22624521072796935.
After update 270 times, the loss is [2.0658078], the accuracy is 0.22804428044280442.
After update 280 times, the loss is [2.0592098], the accuracy is 0.23064056939501779.
After update 290 times, the loss is [2.0537858], the accuracy is 0.23278350515463916.
After update 300 times, the loss is [2.0467224], the accuracy is 0.23475083056478405.
After update 310 times, the loss is [2.041864], the accuracy is 0.2369774919614148.
After update 320 times, the loss is [2.0381272], the accuracy is 0.23738317757009345.
After update 330 times, the loss is [2.0338902], the accuracy is 0.23803625377643506.
After update 340 times, the loss is [2.0306954], the accuracy is 0.2386217008797654.
After update 350 times, the loss is [2.0248933], the accuracy is 0.24076923076923076.
After update 360 times, the loss is [2.0204859], the accuracy is 0.2424376731301939.
After update 370 times, the loss is [2.015458], the accuracy is 0.24431266846361185.
After update 380 times, the loss is [2.0123625], the accuracy is 0.24540682414698162.
After update 390 times, the loss is [2.008201], the accuracy is 0.24680306905370844.
After update 400 times, the loss is [2.0048134], the accuracy is 0.2477057356608479.
After update 410 times, the loss is [2.0025237], the accuracy is 0.24856447688564476.
After update 420 times, the loss is [1.9989727], the accuracy is 0.24983372921615202.
After update 430 times, the loss is [1.9955858], the accuracy is 0.2506032482598608.
After update 440 times, the loss is [1.9918864], the accuracy is 0.25206349206349205.
After update 450 times, the loss is [1.9889792], the accuracy is 0.25341463414634147.
After update 460 times, the loss is [1.9859362], the accuracy is 0.25405639913232103.
After update 470 times, the loss is [1.9823116], the accuracy is 0.25537154989384286.
After update 480 times, the loss is [1.9791945], the accuracy is 0.2565696465696466.
After update 490 times, the loss is [1.9767563], the accuracy is 0.25773930753564156.
After training 0 epochs, the loss is [1.8035895], the accuracy is 0.3158.
Start epoch 1
After update 0 times, the loss is [1.8712617], the accuracy is 0.33.
After update 10 times, the loss is [1.7885514], the accuracy is 0.33545454545454545.
After update 20 times, the loss is [1.7951564], the accuracy is 0.32285714285714284.
After update 30 times, the loss is [1.7857176], the accuracy is 0.32870967741935486.
After update 40 times, the loss is [1.7971522], the accuracy is 0.3251219512195122.
After update 50 times, the loss is [1.7991774], the accuracy is 0.323921568627451.
After update 60 times, the loss is [1.7993644], the accuracy is 0.32459016393442625.
After update 70 times, the loss is [1.7984005], the accuracy is 0.3211267605633803.
After update 80 times, the loss is [1.7998335], the accuracy is 0.31962962962962965.
After update 90 times, the loss is [1.8010384], the accuracy is 0.31934065934065936.
After update 100 times, the loss is [1.7947701], the accuracy is 0.3203960396039604.
After update 110 times, the loss is [1.7970438], the accuracy is 0.3210810810810811.
After update 120 times, the loss is [1.7937026], the accuracy is 0.32049586776859507.
After update 130 times, the loss is [1.7900327], the accuracy is 0.3236641221374046.
After update 140 times, the loss is [1.7880069], the accuracy is 0.324113475177305.
After update 150 times, the loss is [1.7916601], the accuracy is 0.32178807947019866.
After update 160 times, the loss is [1.7940508], the accuracy is 0.3207453416149068.
After update 170 times, the loss is [1.7938406], the accuracy is 0.3209356725146199.
After update 180 times, the loss is [1.7942693], the accuracy is 0.32143646408839777.
After update 190 times, the loss is [1.7942746], the accuracy is 0.3213089005235602.
After update 200 times, the loss is [1.7922065], the accuracy is 0.32298507462686565.
After update 210 times, the loss is [1.7896343], the accuracy is 0.32303317535545023.
After update 220 times, the loss is [1.7890468], the accuracy is 0.3242533936651584.
After update 230 times, the loss is [1.7890795], the accuracy is 0.32372294372294375.
After update 240 times, the loss is [1.7872244], the accuracy is 0.32431535269709544.
After update 250 times, the loss is [1.7844726], the accuracy is 0.3255776892430279.
After update 260 times, the loss is [1.7837331], the accuracy is 0.3254406130268199.
After update 270 times, the loss is [1.7839282], the accuracy is 0.32535055350553505.
After update 280 times, the loss is [1.7823352], the accuracy is 0.32530249110320286.
After update 290 times, the loss is [1.7810653], the accuracy is 0.32646048109965636.
After update 300 times, the loss is [1.7793266], the accuracy is 0.3274750830564784.
After update 310 times, the loss is [1.7781832], the accuracy is 0.3277813504823151.
After update 320 times, the loss is [1.7780313], the accuracy is 0.32850467289719626.
After update 330 times, the loss is [1.7781471], the accuracy is 0.32833836858006044.
After update 340 times, the loss is [1.7789134], the accuracy is 0.32797653958944284.
After update 350 times, the loss is [1.7767731], the accuracy is 0.329031339031339.
After update 360 times, the loss is [1.7763846], the accuracy is 0.329196675900277.
After update 370 times, the loss is [1.7746364], the accuracy is 0.3301078167115903.
After update 380 times, the loss is [1.7749844], the accuracy is 0.3298687664041995.
After update 390 times, the loss is [1.7739128], the accuracy is 0.3305882352941176.
After update 400 times, the loss is [1.7740171], the accuracy is 0.3306483790523691.
After update 410 times, the loss is [1.7752458], the accuracy is 0.33063260340632605.
After update 420 times, the loss is [1.7756102], the accuracy is 0.33068883610451305.
After update 430 times, the loss is [1.7748903], the accuracy is 0.3306264501160093.
After update 440 times, the loss is [1.7744707], the accuracy is 0.3305442176870748.
After update 450 times, the loss is [1.7735945], the accuracy is 0.3309977827050998.
After update 460 times, the loss is [1.7730119], the accuracy is 0.3311930585683297.
After update 470 times, the loss is [1.7715272], the accuracy is 0.331380042462845.
After update 480 times, the loss is [1.7706705], the accuracy is 0.33176715176715177.
After update 490 times, the loss is [1.7702042], the accuracy is 0.33164969450101833.
After training 1 epochs, the loss is [1.7467282], the accuracy is 0.35.
Start epoch 2
After update 0 times, the loss is [1.7988801], the accuracy is 0.39.
After update 10 times, the loss is [1.713704], the accuracy is 0.3518181818181818.
After update 20 times, the loss is [1.7248765], the accuracy is 0.35.
After update 30 times, the loss is [1.7188501], the accuracy is 0.35838709677419356.
After update 40 times, the loss is [1.7223768], the accuracy is 0.35829268292682925.
After update 50 times, the loss is [1.717404], the accuracy is 0.3603921568627451.
After update 60 times, the loss is [1.7169392], the accuracy is 0.36311475409836064.
After update 70 times, the loss is [1.7161471], the accuracy is 0.3598591549295775.
After update 80 times, the loss is [1.7167801], the accuracy is 0.3582716049382716.
After update 90 times, the loss is [1.7208999], the accuracy is 0.35747252747252745.
After update 100 times, the loss is [1.716841], the accuracy is 0.3581188118811881.
After update 110 times, the loss is [1.7224156], the accuracy is 0.3559459459459459.
After update 120 times, the loss is [1.7224506], the accuracy is 0.3531404958677686.
After update 130 times, the loss is [1.718593], the accuracy is 0.35580152671755727.
After update 140 times, the loss is [1.718239], the accuracy is 0.35631205673758864.
After update 150 times, the loss is [1.7220553], the accuracy is 0.35496688741721855.
After update 160 times, the loss is [1.7261212], the accuracy is 0.35267080745341617.
After update 170 times, the loss is [1.7273728], the accuracy is 0.3519298245614035.
After update 180 times, the loss is [1.7276227], the accuracy is 0.3529834254143646.
After update 190 times, the loss is [1.7269706], the accuracy is 0.3530890052356021.
After update 200 times, the loss is [1.7260308], the accuracy is 0.35328358208955224.
After update 210 times, the loss is [1.7242025], the accuracy is 0.35303317535545026.
After update 220 times, the loss is [1.7238426], the accuracy is 0.3534841628959276.
After update 230 times, the loss is [1.723984], the accuracy is 0.35333333333333333.
After update 240 times, the loss is [1.7225536], the accuracy is 0.35315352697095437.
After update 250 times, the loss is [1.7201444], the accuracy is 0.3539840637450199.
After update 260 times, the loss is [1.7197113], the accuracy is 0.35432950191570883.
After update 270 times, the loss is [1.7205946], the accuracy is 0.35357933579335793.
After update 280 times, the loss is [1.7198968], the accuracy is 0.35338078291814945.
After update 290 times, the loss is [1.7192775], the accuracy is 0.35391752577319585.
After update 300 times, the loss is [1.7176666], the accuracy is 0.35435215946843857.
After update 310 times, the loss is [1.7168405], the accuracy is 0.3545659163987138.
After update 320 times, the loss is [1.7172645], the accuracy is 0.35485981308411213.
After update 330 times, the loss is [1.7183442], the accuracy is 0.35453172205438066.
After update 340 times, the loss is [1.7199088], the accuracy is 0.353782991202346.
After update 350 times, the loss is [1.7184551], the accuracy is 0.3543019943019943.
After update 360 times, the loss is [1.7176125], the accuracy is 0.35498614958448754.
After update 370 times, the loss is [1.7164564], the accuracy is 0.3555525606469003.
After update 380 times, the loss is [1.7170882], the accuracy is 0.3551443569553806.
After update 390 times, the loss is [1.7162892], the accuracy is 0.3553708439897698.
After update 400 times, the loss is [1.7165146], the accuracy is 0.3552369077306733.
After update 410 times, the loss is [1.7178321], the accuracy is 0.35474452554744523.
After update 420 times, the loss is [1.7180386], the accuracy is 0.3548456057007126.
After update 430 times, the loss is [1.7183771], the accuracy is 0.35475638051044084.
After update 440 times, the loss is [1.7181801], the accuracy is 0.35480725623582765.
After update 450 times, the loss is [1.7179242], the accuracy is 0.3549889135254989.
After update 460 times, the loss is [1.7179681], the accuracy is 0.35496746203904556.
After update 470 times, the loss is [1.7169495], the accuracy is 0.35503184713375796.
After update 480 times, the loss is [1.7165842], the accuracy is 0.355010395010395.
After update 490 times, the loss is [1.7166097], the accuracy is 0.35476578411405296.
After training 2 epochs, the loss is [1.6992849], the accuracy is 0.3646.
Start epoch 3
After update 0 times, the loss is [1.7391208], the accuracy is 0.36.
After update 10 times, the loss is [1.680631], the accuracy is 0.36454545454545456.
After update 20 times, the loss is [1.6842369], the accuracy is 0.36714285714285716.
After update 30 times, the loss is [1.682298], the accuracy is 0.37451612903225806.
After update 40 times, the loss is [1.6826925], the accuracy is 0.36853658536585365.
After update 50 times, the loss is [1.6764507], the accuracy is 0.37411764705882355.
After update 60 times, the loss is [1.6762323], the accuracy is 0.37459016393442623.
After update 70 times, the loss is [1.6733227], the accuracy is 0.37380281690140843.
After update 80 times, the loss is [1.6741714], the accuracy is 0.3745679012345679.
After update 90 times, the loss is [1.6782321], the accuracy is 0.3749450549450549.
After update 100 times, the loss is [1.6746517], the accuracy is 0.37475247524752475.
After update 110 times, the loss is [1.6793183], the accuracy is 0.3730630630630631.
After update 120 times, the loss is [1.6777172], the accuracy is 0.36983471074380164.
After update 130 times, the loss is [1.6752194], the accuracy is 0.37305343511450384.
After update 140 times, the loss is [1.6765985], the accuracy is 0.3721985815602837.
After update 150 times, the loss is [1.6806802], the accuracy is 0.37.
After update 160 times, the loss is [1.6847844], the accuracy is 0.36751552795031056.
After update 170 times, the loss is [1.6852664], the accuracy is 0.36760233918128654.
After update 180 times, the loss is [1.686284], the accuracy is 0.36773480662983427.
After update 190 times, the loss is [1.6859952], the accuracy is 0.3674869109947644.
After update 200 times, the loss is [1.6851267], the accuracy is 0.36776119402985075.
After update 210 times, the loss is [1.6837869], the accuracy is 0.367345971563981.
After update 220 times, the loss is [1.6832436], the accuracy is 0.3679638009049774.
After update 230 times, the loss is [1.6823449], the accuracy is 0.36787878787878786.
After update 240 times, the loss is [1.6812768], the accuracy is 0.36763485477178426.
After update 250 times, the loss is [1.6785954], the accuracy is 0.36892430278884464.
After update 260 times, the loss is [1.6780952], the accuracy is 0.36908045977011494.
After update 270 times, the loss is [1.6791637], the accuracy is 0.36837638376383763.
After update 280 times, the loss is [1.6796509], the accuracy is 0.36772241992882565.
After update 290 times, the loss is [1.6800755], the accuracy is 0.36759450171821306.
After update 300 times, the loss is [1.6782519], the accuracy is 0.3682724252491694.
After update 310 times, the loss is [1.6773239], the accuracy is 0.36890675241157556.
After update 320 times, the loss is [1.6780795], the accuracy is 0.3687227414330218.
After update 330 times, the loss is [1.6791687], the accuracy is 0.36836858006042295.
After update 340 times, the loss is [1.6809115], the accuracy is 0.36782991202346044.
After update 350 times, the loss is [1.679628], the accuracy is 0.3682905982905983.
After update 360 times, the loss is [1.6793747], the accuracy is 0.368781163434903.
After update 370 times, the loss is [1.6783692], the accuracy is 0.3691644204851752.
After update 380 times, the loss is [1.6795197], the accuracy is 0.3685301837270341.
After update 390 times, the loss is [1.6791148], the accuracy is 0.36872122762148335.
After update 400 times, the loss is [1.6792117], the accuracy is 0.3691770573566085.
After update 410 times, the loss is [1.6804659], the accuracy is 0.36856447688564475.
After update 420 times, the loss is [1.68037], the accuracy is 0.36874109263657956.
After update 430 times, the loss is [1.6800537], the accuracy is 0.3687935034802784.
After update 440 times, the loss is [1.6794689], the accuracy is 0.36913832199546487.
After update 450 times, the loss is [1.6791886], the accuracy is 0.3695121951219512.
After update 460 times, the loss is [1.6789838], the accuracy is 0.3693058568329718.
After update 470 times, the loss is [1.6782461], the accuracy is 0.3693205944798301.
After update 480 times, the loss is [1.677954], the accuracy is 0.3694178794178794.
After update 490 times, the loss is [1.6774887], the accuracy is 0.3696537678207739.
After training 3 epochs, the loss is [1.6665654], the accuracy is 0.38.
Start epoch 4
After update 0 times, the loss is [1.7065164], the accuracy is 0.36.
After update 10 times, the loss is [1.629679], the accuracy is 0.38545454545454544.
After update 20 times, the loss is [1.6301198], the accuracy is 0.3852380952380952.
After update 30 times, the loss is [1.6355745], the accuracy is 0.3861290322580645.
After update 40 times, the loss is [1.6399828], the accuracy is 0.38365853658536586.
After update 50 times, the loss is [1.6343901], the accuracy is 0.38745098039215686.
After update 60 times, the loss is [1.636899], the accuracy is 0.38721311475409836.
After update 70 times, the loss is [1.6365424], the accuracy is 0.38577464788732396.
After update 80 times, the loss is [1.6366874], the accuracy is 0.38814814814814813.
After update 90 times, the loss is [1.6420531], the accuracy is 0.38857142857142857.
After update 100 times, the loss is [1.6381892], the accuracy is 0.38821782178217823.
After update 110 times, the loss is [1.6439509], the accuracy is 0.3872072072072072.
After update 120 times, the loss is [1.6446475], the accuracy is 0.3842148760330579.
After update 130 times, the loss is [1.6432796], the accuracy is 0.38656488549618323.
After update 140 times, the loss is [1.6452097], the accuracy is 0.3862411347517731.
After update 150 times, the loss is [1.6485605], the accuracy is 0.38503311258278144.
After update 160 times, the loss is [1.6532733], the accuracy is 0.38211180124223604.
After update 170 times, the loss is [1.6536437], the accuracy is 0.38263157894736843.
After update 180 times, the loss is [1.6550689], the accuracy is 0.3819889502762431.
After update 190 times, the loss is [1.6548293], the accuracy is 0.3817801047120419.
After update 200 times, the loss is [1.6535195], the accuracy is 0.3817910447761194.
After update 210 times, the loss is [1.65254], the accuracy is 0.3812796208530806.
After update 220 times, the loss is [1.6520109], the accuracy is 0.38153846153846155.
After update 230 times, the loss is [1.6517489], the accuracy is 0.38142857142857145.
After update 240 times, the loss is [1.650505], the accuracy is 0.381701244813278.
After update 250 times, the loss is [1.6476842], the accuracy is 0.3830677290836653.
After update 260 times, the loss is [1.6468987], the accuracy is 0.3832183908045977.
After update 270 times, the loss is [1.6477292], the accuracy is 0.38228782287822877.
After update 280 times, the loss is [1.6480584], the accuracy is 0.381779359430605.
After update 290 times, the loss is [1.6479934], the accuracy is 0.38189003436426117.
After update 300 times, the loss is [1.6466968], the accuracy is 0.3821262458471761.
After update 310 times, the loss is [1.6463251], the accuracy is 0.3821864951768489.
After update 320 times, the loss is [1.6468697], the accuracy is 0.38274143302180685.
After update 330 times, the loss is [1.6481233], the accuracy is 0.3818126888217523.
After update 340 times, the loss is [1.6497891], the accuracy is 0.3804398826979472.
After update 350 times, the loss is [1.6479645], the accuracy is 0.38153846153846155.
After update 360 times, the loss is [1.6475971], the accuracy is 0.3818005540166205.
After update 370 times, the loss is [1.6466143], the accuracy is 0.3823989218328841.
After update 380 times, the loss is [1.6476725], the accuracy is 0.381758530183727.
After update 390 times, the loss is [1.6472902], the accuracy is 0.38217391304347825.
After update 400 times, the loss is [1.6472107], the accuracy is 0.38236907730673314.
After update 410 times, the loss is [1.6486821], the accuracy is 0.38172749391727495.
After update 420 times, the loss is [1.6486785], the accuracy is 0.3817102137767221.
After update 430 times, the loss is [1.6481948], the accuracy is 0.3814849187935035.
After update 440 times, the loss is [1.647818], the accuracy is 0.3817687074829932.
After update 450 times, the loss is [1.6479058], the accuracy is 0.3822172949002217.
After update 460 times, the loss is [1.6475894], the accuracy is 0.38210412147505424.
After update 470 times, the loss is [1.6471332], the accuracy is 0.38180467091295117.
After update 480 times, the loss is [1.647018], the accuracy is 0.38176715176715176.
After update 490 times, the loss is [1.6469083], the accuracy is 0.38175152749490837.
After training 4 epochs, the loss is [1.6492437], the accuracy is 0.385.
Start epoch 5
After update 0 times, the loss is [1.7188172], the accuracy is 0.35.
After update 10 times, the loss is [1.6267307], the accuracy is 0.3709090909090909.
After update 20 times, the loss is [1.6165028], the accuracy is 0.39.
After update 30 times, the loss is [1.622185], the accuracy is 0.3909677419354839.
After update 40 times, the loss is [1.621136], the accuracy is 0.3851219512195122.
After update 50 times, the loss is [1.6149], the accuracy is 0.39098039215686275.
After update 60 times, the loss is [1.615446], the accuracy is 0.39229508196721313.
After update 70 times, the loss is [1.612052], the accuracy is 0.39056338028169013.
After update 80 times, the loss is [1.6115896], the accuracy is 0.39296296296296296.
After update 90 times, the loss is [1.616982], the accuracy is 0.39384615384615385.
After update 100 times, the loss is [1.6144379], the accuracy is 0.3940594059405941.
After update 110 times, the loss is [1.6195002], the accuracy is 0.3934234234234234.
After update 120 times, the loss is [1.6216252], the accuracy is 0.39173553719008264.
After update 130 times, the loss is [1.6236387], the accuracy is 0.39221374045801527.
After update 140 times, the loss is [1.6261015], the accuracy is 0.3912056737588652.
After update 150 times, the loss is [1.6311771], the accuracy is 0.3887417218543046.
After update 160 times, the loss is [1.6372389], the accuracy is 0.38596273291925465.
After update 170 times, the loss is [1.6373764], the accuracy is 0.38707602339181285.
After update 180 times, the loss is [1.638606], the accuracy is 0.3865745856353591.
After update 190 times, the loss is [1.6381433], the accuracy is 0.38675392670157066.
After update 200 times, the loss is [1.6365159], the accuracy is 0.3871641791044776.
After update 210 times, the loss is [1.6354408], the accuracy is 0.3862085308056872.
After update 220 times, the loss is [1.634424], the accuracy is 0.3865158371040724.
After update 230 times, the loss is [1.6337849], the accuracy is 0.38696969696969696.
After update 240 times, the loss is [1.6323384], the accuracy is 0.3871784232365145.
After update 250 times, the loss is [1.6298188], the accuracy is 0.38876494023904384.
After update 260 times, the loss is [1.629471], the accuracy is 0.3889655172413793.
After update 270 times, the loss is [1.6299726], the accuracy is 0.3885239852398524.
After update 280 times, the loss is [1.6295265], the accuracy is 0.3885053380782918.
After update 290 times, the loss is [1.629301], the accuracy is 0.3884536082474227.
After update 300 times, the loss is [1.6271753], the accuracy is 0.3887707641196013.
After update 310 times, the loss is [1.6259812], the accuracy is 0.3895819935691318.
After update 320 times, the loss is [1.6259091], the accuracy is 0.3901869158878505.
After update 330 times, the loss is [1.6267339], the accuracy is 0.3897583081570997.
After update 340 times, the loss is [1.628219], the accuracy is 0.3892375366568915.
After update 350 times, the loss is [1.6263678], the accuracy is 0.3901709401709402.
After update 360 times, the loss is [1.6260834], the accuracy is 0.3904432132963989.
After update 370 times, the loss is [1.6250597], the accuracy is 0.3909164420485175.
After update 380 times, the loss is [1.6264741], the accuracy is 0.39023622047244094.
After update 390 times, the loss is [1.6264476], the accuracy is 0.3907161125319693.
After update 400 times, the loss is [1.6266588], the accuracy is 0.39124688279301745.
After update 410 times, the loss is [1.6278503], the accuracy is 0.39063260340632605.
After update 420 times, the loss is [1.6280376], the accuracy is 0.39097387173396675.
After update 430 times, the loss is [1.6274532], the accuracy is 0.39090487238979116.
After update 440 times, the loss is [1.6271929], the accuracy is 0.39120181405895693.
After update 450 times, the loss is [1.6270705], the accuracy is 0.3913968957871397.
After update 460 times, the loss is [1.6267623], the accuracy is 0.39140997830802604.
After update 470 times, the loss is [1.6262234], the accuracy is 0.39118895966029726.
After update 480 times, the loss is [1.6261659], the accuracy is 0.39116424116424114.
After update 490 times, the loss is [1.6259778], the accuracy is 0.3910386965376782.
After training 5 epochs, the loss is [1.6256886], the accuracy is 0.3946.
Start epoch 6
After update 0 times, the loss is [1.6521755], the accuracy is 0.43.
After update 10 times, the loss is [1.5980047], the accuracy is 0.39454545454545453.
After update 20 times, the loss is [1.5876617], the accuracy is 0.4023809523809524.
After update 30 times, the loss is [1.5926579], the accuracy is 0.40741935483870967.
After update 40 times, the loss is [1.593819], the accuracy is 0.40195121951219515.
After update 50 times, the loss is [1.5919343], the accuracy is 0.4041176470588235.
After update 60 times, the loss is [1.5942878], the accuracy is 0.4037704918032787.
After update 70 times, the loss is [1.5926305], the accuracy is 0.40056338028169014.
After update 80 times, the loss is [1.5908812], the accuracy is 0.40209876543209877.
After update 90 times, the loss is [1.5961276], the accuracy is 0.40098901098901096.
After update 100 times, the loss is [1.5935643], the accuracy is 0.4015841584158416.
After update 110 times, the loss is [1.598506], the accuracy is 0.4009009009009009.
After update 120 times, the loss is [1.5992317], the accuracy is 0.400495867768595.
After update 130 times, the loss is [1.5994847], the accuracy is 0.4021374045801527.
After update 140 times, the loss is [1.601195], the accuracy is 0.40099290780141844.
After update 150 times, the loss is [1.6045928], the accuracy is 0.39980132450331124.
After update 160 times, the loss is [1.6099076], the accuracy is 0.3977018633540373.
After update 170 times, the loss is [1.608834], the accuracy is 0.3994736842105263.
After update 180 times, the loss is [1.6100584], the accuracy is 0.39900552486187846.
After update 190 times, the loss is [1.6098795], the accuracy is 0.3987958115183246.
After update 200 times, the loss is [1.6081316], the accuracy is 0.3992039800995025.
After update 210 times, the loss is [1.6075718], the accuracy is 0.3986729857819905.
After update 220 times, the loss is [1.6073029], the accuracy is 0.3980995475113122.
After update 230 times, the loss is [1.6071769], the accuracy is 0.3980952380952381.
After update 240 times, the loss is [1.6058816], the accuracy is 0.3980912863070539.
After update 250 times, the loss is [1.6037896], the accuracy is 0.39976095617529883.
After update 260 times, the loss is [1.6034635], the accuracy is 0.4000383141762452.
After update 270 times, the loss is [1.6040056], the accuracy is 0.3995940959409594.
After update 280 times, the loss is [1.6035241], the accuracy is 0.3995017793594306.
After update 290 times, the loss is [1.6031123], the accuracy is 0.3996563573883162.
After update 300 times, the loss is [1.6012721], the accuracy is 0.4000664451827243.
After update 310 times, the loss is [1.6001836], the accuracy is 0.40067524115755626.
After update 320 times, the loss is [1.6003069], the accuracy is 0.4009657320872274.
After update 330 times, the loss is [1.6014705], the accuracy is 0.40015105740181267.
After update 340 times, the loss is [1.6030552], the accuracy is 0.39964809384164224.
After update 350 times, the loss is [1.6012132], the accuracy is 0.4008831908831909.
After update 360 times, the loss is [1.6011696], the accuracy is 0.40102493074792245.
After update 370 times, the loss is [1.5999317], the accuracy is 0.401644204851752.
After update 380 times, the loss is [1.6016588], the accuracy is 0.40062992125984254.
After update 390 times, the loss is [1.6017236], the accuracy is 0.40066496163682863.
After update 400 times, the loss is [1.6017104], the accuracy is 0.4013466334164589.
After update 410 times, the loss is [1.6028692], the accuracy is 0.4008272506082725.
After update 420 times, the loss is [1.6031396], the accuracy is 0.4007363420427553.
After update 430 times, the loss is [1.6026311], the accuracy is 0.4008352668213457.
After update 440 times, the loss is [1.6024989], the accuracy is 0.4008843537414966.
After update 450 times, the loss is [1.6025733], the accuracy is 0.4008869179600887.
After update 460 times, the loss is [1.6024086], the accuracy is 0.40073752711496746.
After update 470 times, the loss is [1.6019377], the accuracy is 0.4004246284501062.
After update 480 times, the loss is [1.6027141], the accuracy is 0.3998752598752599.
After update 490 times, the loss is [1.6035447], the accuracy is 0.39918533604887985.
After training 6 epochs, the loss is [1.6058855], the accuracy is 0.3993.
Start epoch 7
After update 0 times, the loss is [1.6266075], the accuracy is 0.45.
After update 10 times, the loss is [1.5844004], the accuracy is 0.4127272727272727.
After update 20 times, the loss is [1.5721108], the accuracy is 0.4123809523809524.
After update 30 times, the loss is [1.5792902], the accuracy is 0.41161290322580646.
After update 40 times, the loss is [1.5824852], the accuracy is 0.4063414634146341.
After update 50 times, the loss is [1.5769911], the accuracy is 0.4076470588235294.
After update 60 times, the loss is [1.5811194], the accuracy is 0.41065573770491803.
After update 70 times, the loss is [1.5808686], the accuracy is 0.40605633802816904.
After update 80 times, the loss is [1.5805277], the accuracy is 0.4067901234567901.
After update 90 times, the loss is [1.5878237], the accuracy is 0.40725274725274724.
After update 100 times, the loss is [1.5875808], the accuracy is 0.4042574257425743.
After update 110 times, the loss is [1.5929413], the accuracy is 0.40378378378378377.
After update 120 times, the loss is [1.5933688], the accuracy is 0.4038842975206612.
After update 130 times, the loss is [1.5936636], the accuracy is 0.40458015267175573.
After update 140 times, the loss is [1.5949447], the accuracy is 0.4033333333333333.
After update 150 times, the loss is [1.5982596], the accuracy is 0.4017880794701987.
After update 160 times, the loss is [1.6037037], the accuracy is 0.3988198757763975.
After update 170 times, the loss is [1.6018677], the accuracy is 0.40035087719298246.
After update 180 times, the loss is [1.6026683], the accuracy is 0.3997790055248619.
After update 190 times, the loss is [1.6020682], the accuracy is 0.40026178010471203.
After update 200 times, the loss is [1.6002114], the accuracy is 0.4009452736318408.
After update 210 times, the loss is [1.5997268], the accuracy is 0.4005687203791469.
After update 220 times, the loss is [1.5993202], the accuracy is 0.3998190045248869.
After update 230 times, the loss is [1.5993733], the accuracy is 0.39974025974025973.
After update 240 times, the loss is [1.5974078], the accuracy is 0.40020746887966807.
After update 250 times, the loss is [1.5949129], the accuracy is 0.40155378486055776.
After update 260 times, the loss is [1.5945077], the accuracy is 0.40195402298850574.
After update 270 times, the loss is [1.5948645], the accuracy is 0.40121771217712177.
After update 280 times, the loss is [1.594966], the accuracy is 0.4009964412811388.
After update 290 times, the loss is [1.5947179], the accuracy is 0.400446735395189.
After update 300 times, the loss is [1.5928866], the accuracy is 0.4010299003322259.
After update 310 times, the loss is [1.5918446], the accuracy is 0.4014790996784566.
After update 320 times, the loss is [1.5917875], the accuracy is 0.40211838006230527.
After update 330 times, the loss is [1.5930643], the accuracy is 0.4009969788519637.
After update 340 times, the loss is [1.5949048], the accuracy is 0.40052785923753664.
After update 350 times, the loss is [1.5932901], the accuracy is 0.401994301994302.
After update 360 times, the loss is [1.5928963], the accuracy is 0.4024376731301939.
After update 370 times, the loss is [1.5917811], the accuracy is 0.403099730458221.
After update 380 times, the loss is [1.5932902], the accuracy is 0.40199475065616797.
After update 390 times, the loss is [1.5931871], the accuracy is 0.40289002557544756.
After update 400 times, the loss is [1.5933042], the accuracy is 0.40346633416458855.
After update 410 times, the loss is [1.5941036], the accuracy is 0.40306569343065696.
After update 420 times, the loss is [1.5939151], the accuracy is 0.40346793349168647.
After update 430 times, the loss is [1.5931584], the accuracy is 0.4037587006960557.
After update 440 times, the loss is [1.5929358], the accuracy is 0.4038095238095238.
After update 450 times, the loss is [1.5927032], the accuracy is 0.4038580931263858.
After update 460 times, the loss is [1.5923802], the accuracy is 0.403882863340564.
After update 470 times, the loss is [1.5915664], the accuracy is 0.40382165605095544.
After update 480 times, the loss is [1.5920401], the accuracy is 0.4035135135135135.
After update 490 times, the loss is [1.5917925], the accuracy is 0.40334012219959264.
After training 7 epochs, the loss is [1.6045867], the accuracy is 0.4067.
Start epoch 8
After update 0 times, the loss is [1.647371], the accuracy is 0.45.
After update 10 times, the loss is [1.5607623], the accuracy is 0.40636363636363637.
After update 20 times, the loss is [1.5523453], the accuracy is 0.41285714285714287.
After update 30 times, the loss is [1.5616093], the accuracy is 0.41451612903225804.
After update 40 times, the loss is [1.5662746], the accuracy is 0.41.
After update 50 times, the loss is [1.5600137], the accuracy is 0.4137254901960784.
After update 60 times, the loss is [1.5609977], the accuracy is 0.41540983606557375.
After update 70 times, the loss is [1.5626341], the accuracy is 0.4115492957746479.
After update 80 times, the loss is [1.562302], the accuracy is 0.4119753086419753.
After update 90 times, the loss is [1.5671998], the accuracy is 0.4125274725274725.
After update 100 times, the loss is [1.5647228], the accuracy is 0.41158415841584156.
After update 110 times, the loss is [1.5692623], the accuracy is 0.4109009009009009.
After update 120 times, the loss is [1.5699031], the accuracy is 0.4109917355371901.
After update 130 times, the loss is [1.5704594], the accuracy is 0.4112977099236641.
After update 140 times, the loss is [1.5714037], the accuracy is 0.4098581560283688.
After update 150 times, the loss is [1.5751591], the accuracy is 0.40874172185430463.
After update 160 times, the loss is [1.5812225], the accuracy is 0.40614906832298137.
After update 170 times, the loss is [1.5803504], the accuracy is 0.40824561403508774.
After update 180 times, the loss is [1.5811352], the accuracy is 0.40861878453038675.
After update 190 times, the loss is [1.5807983], the accuracy is 0.4090575916230367.
After update 200 times, the loss is [1.5791084], the accuracy is 0.40930348258706467.
After update 210 times, the loss is [1.5792298], the accuracy is 0.40928909952606635.
After update 220 times, the loss is [1.5790561], the accuracy is 0.40864253393665156.
After update 230 times, the loss is [1.579476], the accuracy is 0.40835497835497836.
After update 240 times, the loss is [1.5774789], the accuracy is 0.40883817427385893.
After update 250 times, the loss is [1.5755956], the accuracy is 0.4101593625498008.
After update 260 times, the loss is [1.5753542], the accuracy is 0.41076628352490424.
After update 270 times, the loss is [1.575938], the accuracy is 0.4100369003690037.
After update 280 times, the loss is [1.5762748], the accuracy is 0.40946619217081853.
After update 290 times, the loss is [1.5761921], the accuracy is 0.4087972508591065.
After update 300 times, the loss is [1.5745957], the accuracy is 0.4090033222591362.
After update 310 times, the loss is [1.5735841], the accuracy is 0.40987138263665596.
After update 320 times, the loss is [1.5738469], the accuracy is 0.4101246105919003.
After update 330 times, the loss is [1.5755033], the accuracy is 0.40897280966767374.
After update 340 times, the loss is [1.5773758], the accuracy is 0.40847507331378297.
After update 350 times, the loss is [1.5760404], the accuracy is 0.4094301994301994.
After update 360 times, the loss is [1.5758165], the accuracy is 0.4097229916897507.
After update 370 times, the loss is [1.5749466], the accuracy is 0.4104851752021563.
After update 380 times, the loss is [1.5762247], the accuracy is 0.4098950131233596.
After update 390 times, the loss is [1.5761014], the accuracy is 0.41015345268542197.
After update 400 times, the loss is [1.5765228], the accuracy is 0.41049875311720696.
After update 410 times, the loss is [1.5776747], the accuracy is 0.4100486618004866.
After update 420 times, the loss is [1.5776099], the accuracy is 0.40978622327790976.
After update 430 times, the loss is [1.5771873], the accuracy is 0.41020881670533643.
After update 440 times, the loss is [1.5770487], the accuracy is 0.41020408163265304.
After update 450 times, the loss is [1.5769119], the accuracy is 0.41019955654101997.
After update 460 times, the loss is [1.576737], the accuracy is 0.410173535791757.
After update 470 times, the loss is [1.5759088], the accuracy is 0.4102335456475584.
After update 480 times, the loss is [1.5763465], the accuracy is 0.40995841995842.
After update 490 times, the loss is [1.5759499], the accuracy is 0.40975560081466395.
After training 8 epochs, the loss is [1.5979264], the accuracy is 0.4062.
Start epoch 9
After update 0 times, the loss is [1.643268], the accuracy is 0.39.
After update 10 times, the loss is [1.5633166], the accuracy is 0.3972727272727273.
After update 20 times, the loss is [1.542773], the accuracy is 0.4176190476190476.
After update 30 times, the loss is [1.5514994], the accuracy is 0.41935483870967744.
After update 40 times, the loss is [1.5534362], the accuracy is 0.4163414634146341.
After update 50 times, the loss is [1.546428], the accuracy is 0.42.
After update 60 times, the loss is [1.5473876], the accuracy is 0.42098360655737704.
After update 70 times, the loss is [1.5491973], the accuracy is 0.4176056338028169.
After update 80 times, the loss is [1.5492512], the accuracy is 0.41888888888888887.
After update 90 times, the loss is [1.5537679], the accuracy is 0.41945054945054944.
After update 100 times, the loss is [1.5507357], the accuracy is 0.418019801980198.
After update 110 times, the loss is [1.5552226], the accuracy is 0.4172072072072072.
After update 120 times, the loss is [1.5563581], the accuracy is 0.4162809917355372.
After update 130 times, the loss is [1.5569049], the accuracy is 0.4166412213740458.
After update 140 times, the loss is [1.5591613], the accuracy is 0.41588652482269506.
After update 150 times, the loss is [1.5633296], the accuracy is 0.4135099337748344.
After update 160 times, the loss is [1.5706825], the accuracy is 0.41130434782608694.
After update 170 times, the loss is [1.5696121], the accuracy is 0.4122222222222222.
After update 180 times, the loss is [1.5702213], the accuracy is 0.4118232044198895.
After update 190 times, the loss is [1.5700301], the accuracy is 0.41219895287958114.
After update 200 times, the loss is [1.5684239], the accuracy is 0.41248756218905475.
After update 210 times, the loss is [1.5687431], the accuracy is 0.41222748815165877.
After update 220 times, the loss is [1.5684047], the accuracy is 0.41203619909502265.
After update 230 times, the loss is [1.5687044], the accuracy is 0.41199134199134196.
After update 240 times, the loss is [1.5665997], the accuracy is 0.41236514522821577.
After update 250 times, the loss is [1.5649514], the accuracy is 0.4133864541832669.
After update 260 times, the loss is [1.5643218], the accuracy is 0.41432950191570883.
After update 270 times, the loss is [1.5647155], the accuracy is 0.4140590405904059.
After update 280 times, the loss is [1.5648915], the accuracy is 0.41377224199288254.
After update 290 times, the loss is [1.5644753], the accuracy is 0.41333333333333333.
After update 300 times, the loss is [1.5628304], the accuracy is 0.41348837209302325.
After update 310 times, the loss is [1.5614845], the accuracy is 0.4142122186495177.
After update 320 times, the loss is [1.5616415], the accuracy is 0.41445482866043615.
After update 330 times, the loss is [1.5631548], the accuracy is 0.4135347432024169.
After update 340 times, the loss is [1.565182], the accuracy is 0.41302052785923754.
After update 350 times, the loss is [1.5635026], the accuracy is 0.4139031339031339.
After update 360 times, the loss is [1.5631238], the accuracy is 0.4143213296398892.
After update 370 times, the loss is [1.5618986], the accuracy is 0.41525606469002696.
After update 380 times, the loss is [1.5634798], the accuracy is 0.41454068241469816.
After update 390 times, the loss is [1.5631633], the accuracy is 0.4146291560102302.
After update 400 times, the loss is [1.5633575], the accuracy is 0.41511221945137156.
After update 410 times, the loss is [1.5644091], the accuracy is 0.4143795620437956.
After update 420 times, the loss is [1.564228], the accuracy is 0.4144418052256532.
After update 430 times, the loss is [1.563637], the accuracy is 0.41477958236658935.
After update 440 times, the loss is [1.5634398], the accuracy is 0.41498866213151925.
After update 450 times, the loss is [1.5635062], the accuracy is 0.41514412416851443.
After update 460 times, the loss is [1.5636001], the accuracy is 0.4150542299349241.
After update 470 times, the loss is [1.5630271], the accuracy is 0.4148619957537155.
After update 480 times, the loss is [1.5634341], the accuracy is 0.4144906444906445.
After update 490 times, the loss is [1.5628906], the accuracy is 0.41476578411405296.
After training 9 epochs, the loss is [1.5789468], the accuracy is 0.415.