number of train dataset: 50000
number of test dataset: 10000
Start epoch 0
After update 0 times, the loss is [4.2920938], the accuracy is 0.08.
After update 10 times, the loss is [2.6962616], the accuracy is 0.12090909090909091.
After update 20 times, the loss is [2.5233192], the accuracy is 0.12761904761904763.
After update 30 times, the loss is [2.4232187], the accuracy is 0.1403225806451613.
After update 40 times, the loss is [2.3616176], the accuracy is 0.15121951219512195.
After update 50 times, the loss is [2.3139842], the accuracy is 0.16176470588235295.
After update 60 times, the loss is [2.2770998], the accuracy is 0.16901639344262295.
After update 70 times, the loss is [2.2490432], the accuracy is 0.17704225352112676.
After update 80 times, the loss is [2.2295299], the accuracy is 0.18123456790123457.
After update 90 times, the loss is [2.213644], the accuracy is 0.18384615384615385.
After update 100 times, the loss is [2.1965597], the accuracy is 0.18742574257425743.
After update 110 times, the loss is [2.1857743], the accuracy is 0.19126126126126125.
After update 120 times, the loss is [2.1742916], the accuracy is 0.19553719008264464.
After update 130 times, the loss is [2.1633055], the accuracy is 0.2.
After update 140 times, the loss is [2.1544147], the accuracy is 0.20205673758865247.
After update 150 times, the loss is [2.1470096], the accuracy is 0.20350993377483445.
After update 160 times, the loss is [2.1402547], the accuracy is 0.20484472049689442.
After update 170 times, the loss is [2.1328545], the accuracy is 0.2060233918128655.
After update 180 times, the loss is [2.127203], the accuracy is 0.2087292817679558.
After update 190 times, the loss is [2.1194372], the accuracy is 0.21151832460732983.
After update 200 times, the loss is [2.1127882], the accuracy is 0.21353233830845772.
After update 210 times, the loss is [2.1052508], the accuracy is 0.21606635071090047.
After update 220 times, the loss is [2.0984228], the accuracy is 0.2190497737556561.
After update 230 times, the loss is [2.0919704], the accuracy is 0.22108225108225107.
After update 240 times, the loss is [2.084989], the accuracy is 0.22331950207468879.
After update 250 times, the loss is [2.077865], the accuracy is 0.2256972111553785.
After update 260 times, the loss is [2.0708225], the accuracy is 0.22800766283524904.
After update 270 times, the loss is [2.0656097], the accuracy is 0.22940959409594097.
After update 280 times, the loss is [2.058863], the accuracy is 0.23209964412811387.
After update 290 times, the loss is [2.0534577], the accuracy is 0.2343298969072165.
After update 300 times, the loss is [2.046053], the accuracy is 0.23637873754152824.
After update 310 times, the loss is [2.0409381], the accuracy is 0.23893890675241158.
After update 320 times, the loss is [2.0370066], the accuracy is 0.24009345794392523.
After update 330 times, the loss is [2.0329752], the accuracy is 0.24138972809667675.
After update 340 times, the loss is [2.0304537], the accuracy is 0.2417008797653959.
After update 350 times, the loss is [2.0247765], the accuracy is 0.24367521367521366.
After update 360 times, the loss is [2.0209434], the accuracy is 0.2449584487534626.
After update 370 times, the loss is [2.0159607], the accuracy is 0.24700808625336929.
After update 380 times, the loss is [2.012779], the accuracy is 0.24766404199475064.
After update 390 times, the loss is [2.0082784], the accuracy is 0.2489769820971867.
After update 400 times, the loss is [2.004657], the accuracy is 0.24987531172069827.
After update 410 times, the loss is [2.0023413], the accuracy is 0.2507299270072993.
After update 420 times, the loss is [1.9989372], the accuracy is 0.25185273159144894.
After update 430 times, the loss is [1.9955593], the accuracy is 0.2524593967517401.
After update 440 times, the loss is [1.9921781], the accuracy is 0.2535827664399093.
After update 450 times, the loss is [1.9895433], the accuracy is 0.25456762749445677.
After update 460 times, the loss is [1.985991], the accuracy is 0.2552060737527115.
After update 470 times, the loss is [1.9823601], the accuracy is 0.25643312101910826.
After update 480 times, the loss is [1.9792738], the accuracy is 0.2575051975051975.
After update 490 times, the loss is [1.9767075], the accuracy is 0.25855397148676174.
After training 0 epochs, the loss is [1.8030598], the accuracy is 0.3151.
Start epoch 1
After update 0 times, the loss is [1.8603424], the accuracy is 0.29.
After update 10 times, the loss is [1.7924211], the accuracy is 0.3181818181818182.
After update 20 times, the loss is [1.8039643], the accuracy is 0.31476190476190474.
After update 30 times, the loss is [1.7960403], the accuracy is 0.3225806451612903.
After update 40 times, the loss is [1.8043449], the accuracy is 0.3173170731707317.
After update 50 times, the loss is [1.8027706], the accuracy is 0.3137254901960784.
After update 60 times, the loss is [1.8023034], the accuracy is 0.3144262295081967.
After update 70 times, the loss is [1.8013929], the accuracy is 0.31380281690140843.
After update 80 times, the loss is [1.8005036], the accuracy is 0.3127160493827161.
After update 90 times, the loss is [1.8018538], the accuracy is 0.31351648351648354.
After update 100 times, the loss is [1.7949252], the accuracy is 0.31633663366336634.
After update 110 times, the loss is [1.797891], the accuracy is 0.31666666666666665.
After update 120 times, the loss is [1.7953358], the accuracy is 0.3177685950413223.
After update 130 times, the loss is [1.7923355], the accuracy is 0.32.
After update 140 times, the loss is [1.792487], the accuracy is 0.32.
After update 150 times, the loss is [1.7953291], the accuracy is 0.31880794701986753.
After update 160 times, the loss is [1.797735], the accuracy is 0.31751552795031057.
After update 170 times, the loss is [1.7977588], the accuracy is 0.31707602339181284.
After update 180 times, the loss is [1.7979702], the accuracy is 0.319060773480663.
After update 190 times, the loss is [1.7977006], the accuracy is 0.32010471204188484.
After update 200 times, the loss is [1.7964251], the accuracy is 0.3209452736318408.
After update 210 times, the loss is [1.7943219], the accuracy is 0.32132701421800947.
After update 220 times, the loss is [1.7936875], the accuracy is 0.32190045248868776.
After update 230 times, the loss is [1.7930171], the accuracy is 0.32186147186147185.
After update 240 times, the loss is [1.7913134], the accuracy is 0.32190871369294605.
After update 250 times, the loss is [1.788098], the accuracy is 0.3234262948207171.
After update 260 times, the loss is [1.7874064], the accuracy is 0.3240229885057471.
After update 270 times, the loss is [1.7874153], the accuracy is 0.32391143911439113.
After update 280 times, the loss is [1.7852477], the accuracy is 0.32427046263345194.
After update 290 times, the loss is [1.7833948], the accuracy is 0.32556701030927837.
After update 300 times, the loss is [1.7813717], the accuracy is 0.3260797342192691.
After update 310 times, the loss is [1.7801702], the accuracy is 0.32681672025723474.
After update 320 times, the loss is [1.78026], the accuracy is 0.3275700934579439.
After update 330 times, the loss is [1.7800617], the accuracy is 0.3279154078549849.
After update 340 times, the loss is [1.7808132], the accuracy is 0.3273607038123167.
After update 350 times, the loss is [1.7784065], the accuracy is 0.32857549857549856.
After update 360 times, the loss is [1.7778703], the accuracy is 0.3291135734072022.
After update 370 times, the loss is [1.7758068], the accuracy is 0.33016172506738545.
After update 380 times, the loss is [1.7760327], the accuracy is 0.3300262467191601.
After update 390 times, the loss is [1.7744415], the accuracy is 0.330690537084399.
After update 400 times, the loss is [1.7736752], the accuracy is 0.33109725685785535.
After update 410 times, the loss is [1.774647], the accuracy is 0.33070559610705597.
After update 420 times, the loss is [1.7744946], the accuracy is 0.3309263657957245.
After update 430 times, the loss is [1.773697], the accuracy is 0.3311600928074246.
After update 440 times, the loss is [1.7733454], the accuracy is 0.33117913832199547.
After update 450 times, the loss is [1.7734034], the accuracy is 0.33172949002217295.
After update 460 times, the loss is [1.7733946], the accuracy is 0.3319522776572668.
After update 470 times, the loss is [1.7723013], the accuracy is 0.3321231422505308.
After update 480 times, the loss is [1.7716475], the accuracy is 0.3325363825363825.
After update 490 times, the loss is [1.771191], the accuracy is 0.33264765784114053.
After training 1 epochs, the loss is [1.7352213], the accuracy is 0.3474.
Start epoch 2
After update 0 times, the loss is [1.7651783], the accuracy is 0.35.
After update 10 times, the loss is [1.7015481], the accuracy is 0.3463636363636364.
After update 20 times, the loss is [1.71169], the accuracy is 0.3495238095238095.
After update 30 times, the loss is [1.7058375], the accuracy is 0.3561290322580645.
After update 40 times, the loss is [1.7102757], the accuracy is 0.3521951219512195.
After update 50 times, the loss is [1.7120485], the accuracy is 0.35274509803921567.
After update 60 times, the loss is [1.7140242], the accuracy is 0.3540983606557377.
After update 70 times, the loss is [1.7117417], the accuracy is 0.35295774647887324.
After update 80 times, the loss is [1.7126145], the accuracy is 0.3540740740740741.
After update 90 times, the loss is [1.7166682], the accuracy is 0.3545054945054945.
After update 100 times, the loss is [1.7120042], the accuracy is 0.3562376237623762.
After update 110 times, the loss is [1.7167314], the accuracy is 0.35477477477477476.
After update 120 times, the loss is [1.7155268], the accuracy is 0.3526446280991736.
After update 130 times, the loss is [1.7129289], the accuracy is 0.35595419847328247.
After update 140 times, the loss is [1.7137134], the accuracy is 0.3558156028368794.
After update 150 times, the loss is [1.7174453], the accuracy is 0.3543708609271523.
After update 160 times, the loss is [1.7211212], the accuracy is 0.3526086956521739.
After update 170 times, the loss is [1.7228351], the accuracy is 0.3515204678362573.
After update 180 times, the loss is [1.7239983], the accuracy is 0.35187845303867404.
After update 190 times, the loss is [1.7237997], the accuracy is 0.3526178010471204.
After update 200 times, the loss is [1.7229489], the accuracy is 0.35328358208955224.
After update 210 times, the loss is [1.7210231], the accuracy is 0.35308056872037913.
After update 220 times, the loss is [1.7208866], the accuracy is 0.35434389140271494.
After update 230 times, the loss is [1.7202482], the accuracy is 0.35385281385281386.
After update 240 times, the loss is [1.7191746], the accuracy is 0.3533609958506224.
After update 250 times, the loss is [1.716572], the accuracy is 0.3544223107569721.
After update 260 times, the loss is [1.7159824], the accuracy is 0.3550574712643678.
After update 270 times, the loss is [1.7164295], the accuracy is 0.35479704797047973.
After update 280 times, the loss is [1.7156746], the accuracy is 0.35419928825622776.
After update 290 times, the loss is [1.7147322], the accuracy is 0.35429553264604813.
After update 300 times, the loss is [1.7131295], the accuracy is 0.3548172757475083.
After update 310 times, the loss is [1.7122303], the accuracy is 0.3554340836012862.
After update 320 times, the loss is [1.7126846], the accuracy is 0.355607476635514.
After update 330 times, the loss is [1.7137022], the accuracy is 0.3553776435045317.
After update 340 times, the loss is [1.7152212], the accuracy is 0.3543401759530792.
After update 350 times, the loss is [1.713523], the accuracy is 0.35512820512820514.
After update 360 times, the loss is [1.7130694], the accuracy is 0.3555124653739612.
After update 370 times, the loss is [1.7117215], the accuracy is 0.3560377358490566.
After update 380 times, the loss is [1.7128161], the accuracy is 0.35590551181102364.
After update 390 times, the loss is [1.7119594], the accuracy is 0.3564705882352941.
After update 400 times, the loss is [1.7121706], the accuracy is 0.3566583541147132.
After update 410 times, the loss is [1.7135301], the accuracy is 0.3559610705596107.
After update 420 times, the loss is [1.7136776], the accuracy is 0.35562945368171023.
After update 430 times, the loss is [1.7131306], the accuracy is 0.35587006960556844.
After update 440 times, the loss is [1.7126688], the accuracy is 0.3558956916099773.
After update 450 times, the loss is [1.7124889], the accuracy is 0.3558758314855876.
After update 460 times, the loss is [1.7122391], the accuracy is 0.3559652928416486.
After update 470 times, the loss is [1.7111884], the accuracy is 0.35585987261146496.
After update 480 times, the loss is [1.7108864], the accuracy is 0.35621621621621624.
After update 490 times, the loss is [1.7108775], the accuracy is 0.35635437881873727.
After training 2 epochs, the loss is [1.7006295], the accuracy is 0.3675.
Start epoch 3
After update 0 times, the loss is [1.7366583], the accuracy is 0.33.
After update 10 times, the loss is [1.6535082], the accuracy is 0.37272727272727274.
After update 20 times, the loss is [1.6896608], the accuracy is 0.3676190476190476.
After update 30 times, the loss is [1.687674], the accuracy is 0.3716129032258065.
After update 40 times, the loss is [1.6909486], the accuracy is 0.36121951219512194.
After update 50 times, the loss is [1.6852285], the accuracy is 0.36686274509803923.
After update 60 times, the loss is [1.6828948], the accuracy is 0.3678688524590164.
After update 70 times, the loss is [1.6802821], the accuracy is 0.3688732394366197.
After update 80 times, the loss is [1.6825578], the accuracy is 0.3702469135802469.
After update 90 times, the loss is [1.6860015], the accuracy is 0.3710989010989011.
After update 100 times, the loss is [1.6813133], the accuracy is 0.3715841584158416.
After update 110 times, the loss is [1.6843134], the accuracy is 0.3707207207207207.
After update 120 times, the loss is [1.6830264], the accuracy is 0.3690909090909091.
After update 130 times, the loss is [1.6805357], the accuracy is 0.37213740458015265.
After update 140 times, the loss is [1.6812444], the accuracy is 0.3717730496453901.
After update 150 times, the loss is [1.6848611], the accuracy is 0.3708609271523179.
After update 160 times, the loss is [1.6896459], the accuracy is 0.36807453416149066.
After update 170 times, the loss is [1.6897935], the accuracy is 0.3686549707602339.
After update 180 times, the loss is [1.6906216], the accuracy is 0.36861878453038677.
After update 190 times, the loss is [1.6891651], the accuracy is 0.36926701570680626.
After update 200 times, the loss is [1.6883862], the accuracy is 0.3693034825870647.
After update 210 times, the loss is [1.6869353], the accuracy is 0.36829383886255923.
After update 220 times, the loss is [1.686233], the accuracy is 0.3691855203619909.
After update 230 times, the loss is [1.6857828], the accuracy is 0.36896103896103893.
After update 240 times, the loss is [1.6840477], the accuracy is 0.36817427385892115.
After update 250 times, the loss is [1.6814959], the accuracy is 0.369402390438247.
After update 260 times, the loss is [1.6811066], the accuracy is 0.36984674329501915.
After update 270 times, the loss is [1.681211], the accuracy is 0.36944649446494465.
After update 280 times, the loss is [1.6804848], the accuracy is 0.36957295373665483.
After update 290 times, the loss is [1.6796037], the accuracy is 0.36965635738831615.
After update 300 times, the loss is [1.677543], the accuracy is 0.37019933554817275.
After update 310 times, the loss is [1.6763232], the accuracy is 0.37077170418006433.
After update 320 times, the loss is [1.6768818], the accuracy is 0.3710280373831776.
After update 330 times, the loss is [1.6778504], the accuracy is 0.37012084592145017.
After update 340 times, the loss is [1.6796498], the accuracy is 0.3692961876832845.
After update 350 times, the loss is [1.6777956], the accuracy is 0.36985754985754987.
After update 360 times, the loss is [1.6769767], the accuracy is 0.37041551246537396.
After update 370 times, the loss is [1.6760169], the accuracy is 0.3706469002695418.
After update 380 times, the loss is [1.6769487], the accuracy is 0.37.
After update 390 times, the loss is [1.6767149], the accuracy is 0.37043478260869567.
After update 400 times, the loss is [1.6771587], the accuracy is 0.37042394014962593.
After update 410 times, the loss is [1.6779838], the accuracy is 0.37012165450121653.
After update 420 times, the loss is [1.6780975], the accuracy is 0.370166270783848.
After update 430 times, the loss is [1.6777362], the accuracy is 0.3696519721577726.
After update 440 times, the loss is [1.677265], the accuracy is 0.3701360544217687.
After update 450 times, the loss is [1.6766223], the accuracy is 0.370509977827051.
After update 460 times, the loss is [1.6765065], the accuracy is 0.37023861171366595.
After update 470 times, the loss is [1.6754996], the accuracy is 0.3700849256900212.
After update 480 times, the loss is [1.6753684], the accuracy is 0.3705197505197505.
After update 490 times, the loss is [1.6751183], the accuracy is 0.37091649694501017.
After training 3 epochs, the loss is [1.6717569], the accuracy is 0.3778.
Start epoch 4
After update 0 times, the loss is [1.6773206], the accuracy is 0.4.
After update 10 times, the loss is [1.6144844], the accuracy is 0.39181818181818184.
After update 20 times, the loss is [1.6289909], the accuracy is 0.39095238095238094.
After update 30 times, the loss is [1.6312333], the accuracy is 0.3967741935483871.
After update 40 times, the loss is [1.6336706], the accuracy is 0.38926829268292684.
After update 50 times, the loss is [1.6302731], the accuracy is 0.3931372549019608.
After update 60 times, the loss is [1.6317842], the accuracy is 0.39114754098360655.
After update 70 times, the loss is [1.629984], the accuracy is 0.38971830985915495.
After update 80 times, the loss is [1.6293752], the accuracy is 0.3924691358024691.
After update 90 times, the loss is [1.6341236], the accuracy is 0.39186813186813185.
After update 100 times, the loss is [1.6300083], the accuracy is 0.3932673267326733.
After update 110 times, the loss is [1.6341531], the accuracy is 0.39153153153153153.
After update 120 times, the loss is [1.6352962], the accuracy is 0.3894214876033058.
After update 130 times, the loss is [1.6347884], the accuracy is 0.39091603053435114.
After update 140 times, the loss is [1.635802], the accuracy is 0.38978723404255317.
After update 150 times, the loss is [1.6394669], the accuracy is 0.38880794701986754.
After update 160 times, the loss is [1.6443244], the accuracy is 0.38552795031055903.
After update 170 times, the loss is [1.6450044], the accuracy is 0.38596491228070173.
After update 180 times, the loss is [1.6477891], the accuracy is 0.38469613259668506.
After update 190 times, the loss is [1.6477729], the accuracy is 0.3842931937172775.
After update 200 times, the loss is [1.6474048], the accuracy is 0.38412935323383085.
After update 210 times, the loss is [1.6469368], the accuracy is 0.3833175355450237.
After update 220 times, the loss is [1.646931], the accuracy is 0.38416289592760183.
After update 230 times, the loss is [1.6472439], the accuracy is 0.38415584415584414.
After update 240 times, the loss is [1.6453712], the accuracy is 0.3844813278008299.
After update 250 times, the loss is [1.6425809], the accuracy is 0.3860956175298805.
After update 260 times, the loss is [1.642469], the accuracy is 0.38662835249042143.
After update 270 times, the loss is [1.6427994], the accuracy is 0.38619926199261995.
After update 280 times, the loss is [1.6425027], the accuracy is 0.3863345195729537.
After update 290 times, the loss is [1.6421456], the accuracy is 0.38608247422680414.
After update 300 times, the loss is [1.640444], the accuracy is 0.3867441860465116.
After update 310 times, the loss is [1.6393294], the accuracy is 0.38729903536977495.
After update 320 times, the loss is [1.6395934], the accuracy is 0.3877881619937695.
After update 330 times, the loss is [1.6407043], the accuracy is 0.3875226586102719.
After update 340 times, the loss is [1.6426485], the accuracy is 0.3864809384164223.
After update 350 times, the loss is [1.6410378], the accuracy is 0.3871794871794872.
After update 360 times, the loss is [1.6406795], the accuracy is 0.38742382271468145.
After update 370 times, the loss is [1.6398698], the accuracy is 0.3875741239892183.
After update 380 times, the loss is [1.6410888], the accuracy is 0.3869816272965879.
After update 390 times, the loss is [1.6407609], the accuracy is 0.3874168797953964.
After update 400 times, the loss is [1.6411676], the accuracy is 0.38738154613466336.
After update 410 times, the loss is [1.6422476], the accuracy is 0.38673965936739657.
After update 420 times, the loss is [1.6424272], the accuracy is 0.3871496437054632.
After update 430 times, the loss is [1.6420004], the accuracy is 0.38707656612529.
After update 440 times, the loss is [1.6416647], the accuracy is 0.3868707482993197.
After update 450 times, the loss is [1.6413739], the accuracy is 0.3868957871396896.
After update 460 times, the loss is [1.641353], the accuracy is 0.38663774403470713.
After update 470 times, the loss is [1.6406955], the accuracy is 0.3861783439490446.
After update 480 times, the loss is [1.6409367], the accuracy is 0.3861538461538462.
After update 490 times, the loss is [1.6405922], the accuracy is 0.3862321792260692.
After training 4 epochs, the loss is [1.6584182], the accuracy is 0.3869.
Start epoch 5
After update 0 times, the loss is [1.6836146], the accuracy is 0.4.
After update 10 times, the loss is [1.6057829], the accuracy is 0.38545454545454544.
After update 20 times, the loss is [1.6135126], the accuracy is 0.3852380952380952.
After update 30 times, the loss is [1.6120615], the accuracy is 0.39225806451612905.
After update 40 times, the loss is [1.6200615], the accuracy is 0.3878048780487805.
After update 50 times, the loss is [1.6142249], the accuracy is 0.3933333333333333.
After update 60 times, the loss is [1.6149297], the accuracy is 0.39295081967213114.
After update 70 times, the loss is [1.6113726], the accuracy is 0.3916901408450704.
After update 80 times, the loss is [1.6090473], the accuracy is 0.39481481481481484.
After update 90 times, the loss is [1.6138518], the accuracy is 0.3946153846153846.
After update 100 times, the loss is [1.6101203], the accuracy is 0.39485148514851487.
After update 110 times, the loss is [1.6132362], the accuracy is 0.39522522522522524.
After update 120 times, the loss is [1.6142552], the accuracy is 0.3938842975206612.
After update 130 times, the loss is [1.61404], the accuracy is 0.39541984732824426.
After update 140 times, the loss is [1.6152011], the accuracy is 0.3949645390070922.
After update 150 times, the loss is [1.6189312], the accuracy is 0.3942384105960265.
After update 160 times, the loss is [1.6240057], the accuracy is 0.3911180124223603.
After update 170 times, the loss is [1.6232895], the accuracy is 0.3916374269005848.
After update 180 times, the loss is [1.6257048], the accuracy is 0.39077348066298345.
After update 190 times, the loss is [1.6250446], the accuracy is 0.3913089005235602.
After update 200 times, the loss is [1.624009], the accuracy is 0.39154228855721396.
After update 210 times, the loss is [1.6236588], the accuracy is 0.39028436018957346.
After update 220 times, the loss is [1.623185], the accuracy is 0.39108597285067875.
After update 230 times, the loss is [1.6234336], the accuracy is 0.3913419913419913.
After update 240 times, the loss is [1.6214025], the accuracy is 0.39195020746887965.
After update 250 times, the loss is [1.618323], the accuracy is 0.3934262948207171.
After update 260 times, the loss is [1.6177884], the accuracy is 0.39425287356321836.
After update 270 times, the loss is [1.6182433], the accuracy is 0.394169741697417.
After update 280 times, the loss is [1.6179199], the accuracy is 0.39366548042704624.
After update 290 times, the loss is [1.6174848], the accuracy is 0.3934364261168385.
After update 300 times, the loss is [1.6162238], the accuracy is 0.393421926910299.
After update 310 times, the loss is [1.6153048], the accuracy is 0.3937942122186495.
After update 320 times, the loss is [1.6155167], the accuracy is 0.39401869158878505.
After update 330 times, the loss is [1.6167864], the accuracy is 0.39353474320241694.
After update 340 times, the loss is [1.6188672], the accuracy is 0.3925806451612903.
After update 350 times, the loss is [1.6170763], the accuracy is 0.3935042735042735.
After update 360 times, the loss is [1.616789], the accuracy is 0.393601108033241.
After update 370 times, the loss is [1.6160395], the accuracy is 0.39380053908355794.
After update 380 times, the loss is [1.6175109], the accuracy is 0.39338582677165357.
After update 390 times, the loss is [1.6172724], the accuracy is 0.3937084398976982.
After update 400 times, the loss is [1.617339], the accuracy is 0.3943640897755611.
After update 410 times, the loss is [1.618176], the accuracy is 0.3938199513381995.
After update 420 times, the loss is [1.6185722], the accuracy is 0.39406175771971497.
After update 430 times, the loss is [1.6178172], the accuracy is 0.39443155452436196.
After update 440 times, the loss is [1.6176102], the accuracy is 0.39435374149659863.
After update 450 times, the loss is [1.6174271], the accuracy is 0.3943680709534368.
After update 460 times, the loss is [1.6174356], the accuracy is 0.39427331887201733.
After update 470 times, the loss is [1.6170721], the accuracy is 0.3940552016985138.
After update 480 times, the loss is [1.6177797], the accuracy is 0.3935343035343035.
After update 490 times, the loss is [1.6177827], the accuracy is 0.39342158859470466.
After training 5 epochs, the loss is [1.6280631], the accuracy is 0.3913.
Start epoch 6
After update 0 times, the loss is [1.6367576], the accuracy is 0.43.
After update 10 times, the loss is [1.5928248], the accuracy is 0.3972727272727273.
After update 20 times, the loss is [1.5862643], the accuracy is 0.4042857142857143.
After update 30 times, the loss is [1.590538], the accuracy is 0.4038709677419355.
After update 40 times, the loss is [1.5938625], the accuracy is 0.4024390243902439.
After update 50 times, the loss is [1.5871065], the accuracy is 0.40705882352941175.
After update 60 times, the loss is [1.588619], the accuracy is 0.40852459016393444.
After update 70 times, the loss is [1.5871478], the accuracy is 0.40535211267605636.
After update 80 times, the loss is [1.5838751], the accuracy is 0.4079012345679012.
After update 90 times, the loss is [1.5885936], the accuracy is 0.40692307692307694.
After update 100 times, the loss is [1.5858313], the accuracy is 0.4067326732673267.
After update 110 times, the loss is [1.5895823], the accuracy is 0.40765765765765766.
After update 120 times, the loss is [1.5912975], the accuracy is 0.4059504132231405.
After update 130 times, the loss is [1.5914208], the accuracy is 0.4063358778625954.
After update 140 times, the loss is [1.593382], the accuracy is 0.4048936170212766.
After update 150 times, the loss is [1.5964212], the accuracy is 0.40450331125827815.
After update 160 times, the loss is [1.6022165], the accuracy is 0.4024223602484472.
After update 170 times, the loss is [1.602048], the accuracy is 0.40327485380116956.
After update 180 times, the loss is [1.6046392], the accuracy is 0.40265193370165747.
After update 190 times, the loss is [1.6038733], the accuracy is 0.40356020942408377.
After update 200 times, the loss is [1.6031682], the accuracy is 0.4033830845771144.
After update 210 times, the loss is [1.6029198], the accuracy is 0.40265402843601894.
After update 220 times, the loss is [1.602204], the accuracy is 0.40285067873303165.
After update 230 times, the loss is [1.6026078], the accuracy is 0.4026839826839827.
After update 240 times, the loss is [1.6006379], the accuracy is 0.40348547717842326.
After update 250 times, the loss is [1.5977014], the accuracy is 0.4050597609561753.
After update 260 times, the loss is [1.5978749], the accuracy is 0.4049808429118774.
After update 270 times, the loss is [1.5985283], the accuracy is 0.4040959409594096.
After update 280 times, the loss is [1.5976402], the accuracy is 0.4043060498220641.
After update 290 times, the loss is [1.5973603], the accuracy is 0.4042955326460481.
After update 300 times, the loss is [1.5957477], the accuracy is 0.4045514950166113.
After update 310 times, the loss is [1.594672], the accuracy is 0.40511254019292603.
After update 320 times, the loss is [1.5950558], the accuracy is 0.40526479750778815.
After update 330 times, the loss is [1.5966799], the accuracy is 0.4044712990936556.
After update 340 times, the loss is [1.5988581], the accuracy is 0.4038123167155425.
After update 350 times, the loss is [1.5970687], the accuracy is 0.4047578347578348.
After update 360 times, the loss is [1.596747], the accuracy is 0.40484764542936286.
After update 370 times, the loss is [1.596033], the accuracy is 0.4052830188679245.
After update 380 times, the loss is [1.5974431], the accuracy is 0.40498687664041993.
After update 390 times, the loss is [1.5973707], the accuracy is 0.4052941176470588.
After update 400 times, the loss is [1.597966], the accuracy is 0.40561097256857853.
After update 410 times, the loss is [1.5993114], the accuracy is 0.4047445255474453.
After update 420 times, the loss is [1.599538], the accuracy is 0.40439429928741094.
After update 430 times, the loss is [1.5986907], the accuracy is 0.4044547563805104.
After update 440 times, the loss is [1.5984377], the accuracy is 0.4044671201814059.
After update 450 times, the loss is [1.598344], the accuracy is 0.40432372505543235.
After update 460 times, the loss is [1.598463], the accuracy is 0.40412147505422996.
After update 470 times, the loss is [1.598035], the accuracy is 0.40365180467091294.
After update 480 times, the loss is [1.5985398], the accuracy is 0.4034095634095634.
After update 490 times, the loss is [1.5983945], the accuracy is 0.40319755600814666.
After training 6 epochs, the loss is [1.6086541], the accuracy is 0.4013.
Start epoch 7
After update 0 times, the loss is [1.643642], the accuracy is 0.44.
After update 10 times, the loss is [1.5750606], the accuracy is 0.39636363636363636.
After update 20 times, the loss is [1.5711284], the accuracy is 0.4023809523809524.
After update 30 times, the loss is [1.5744963], the accuracy is 0.4093548387096774.
After update 40 times, the loss is [1.5797676], the accuracy is 0.40829268292682924.
After update 50 times, the loss is [1.5735118], the accuracy is 0.4115686274509804.
After update 60 times, the loss is [1.5763475], the accuracy is 0.409344262295082.
After update 70 times, the loss is [1.5750747], the accuracy is 0.40788732394366195.
After update 80 times, the loss is [1.5721987], the accuracy is 0.41074074074074074.
After update 90 times, the loss is [1.5766804], the accuracy is 0.40923076923076923.
After update 100 times, the loss is [1.5737594], the accuracy is 0.4092079207920792.
After update 110 times, the loss is [1.5771657], the accuracy is 0.40864864864864864.
After update 120 times, the loss is [1.5784582], the accuracy is 0.40611570247933887.
After update 130 times, the loss is [1.5785174], the accuracy is 0.406793893129771.
After update 140 times, the loss is [1.579621], the accuracy is 0.4065957446808511.
After update 150 times, the loss is [1.5831841], the accuracy is 0.40569536423841057.
After update 160 times, the loss is [1.588461], the accuracy is 0.40347826086956523.
After update 170 times, the loss is [1.5879334], the accuracy is 0.40456140350877196.
After update 180 times, the loss is [1.5900965], the accuracy is 0.4038121546961326.
After update 190 times, the loss is [1.5892245], the accuracy is 0.4047643979057592.
After update 200 times, the loss is [1.5885555], the accuracy is 0.40497512437810945.
After update 210 times, the loss is [1.5883741], the accuracy is 0.40440758293838863.
After update 220 times, the loss is [1.5880975], the accuracy is 0.4049321266968326.
After update 230 times, the loss is [1.5886163], the accuracy is 0.404978354978355.
After update 240 times, the loss is [1.5862666], the accuracy is 0.40597510373443985.
After update 250 times, the loss is [1.5835587], the accuracy is 0.40768924302788845.
After update 260 times, the loss is [1.5836747], the accuracy is 0.40758620689655173.
After update 270 times, the loss is [1.5841861], the accuracy is 0.4066420664206642.
After update 280 times, the loss is [1.5837243], the accuracy is 0.40612099644128113.
After update 290 times, the loss is [1.5833782], the accuracy is 0.4061855670103093.
After update 300 times, the loss is [1.5820214], the accuracy is 0.4061794019933555.
After update 310 times, the loss is [1.5810292], the accuracy is 0.40646302250803856.
After update 320 times, the loss is [1.5806497], the accuracy is 0.40713395638629285.
After update 330 times, the loss is [1.5819495], the accuracy is 0.40637462235649546.
After update 340 times, the loss is [1.5836371], the accuracy is 0.4058357771260997.
After update 350 times, the loss is [1.5820695], the accuracy is 0.40717948717948715.
After update 360 times, the loss is [1.5819284], the accuracy is 0.40753462603878116.
After update 370 times, the loss is [1.5812609], the accuracy is 0.4080053908355795.
After update 380 times, the loss is [1.5826075], the accuracy is 0.40755905511811025.
After update 390 times, the loss is [1.5823632], the accuracy is 0.4079283887468031.
After update 400 times, the loss is [1.5826238], the accuracy is 0.4086284289276808.
After update 410 times, the loss is [1.5835791], the accuracy is 0.408345498783455.
After update 420 times, the loss is [1.5838424], the accuracy is 0.4085273159144893.
After update 430 times, the loss is [1.5830895], the accuracy is 0.40895591647331786.
After update 440 times, the loss is [1.5833058], the accuracy is 0.4087528344671202.
After update 450 times, the loss is [1.5833501], the accuracy is 0.4088248337028825.
After update 460 times, the loss is [1.5835001], the accuracy is 0.4088503253796095.
After update 470 times, the loss is [1.5831991], the accuracy is 0.4086836518046709.
After update 480 times, the loss is [1.5838863], the accuracy is 0.40825363825363825.
After update 490 times, the loss is [1.5837656], the accuracy is 0.4080651731160896.
After training 7 epochs, the loss is [1.5992709], the accuracy is 0.4075.
Start epoch 8
After update 0 times, the loss is [1.6355772], the accuracy is 0.46.
After update 10 times, the loss is [1.5699983], the accuracy is 0.39545454545454545.
After update 20 times, the loss is [1.5580088], the accuracy is 0.4057142857142857.
After update 30 times, the loss is [1.5644985], the accuracy is 0.41193548387096773.
After update 40 times, the loss is [1.5660226], the accuracy is 0.4090243902439024.
After update 50 times, the loss is [1.5597961], the accuracy is 0.4172549019607843.
After update 60 times, the loss is [1.5608479], the accuracy is 0.41688524590163933.
After update 70 times, the loss is [1.5609926], the accuracy is 0.4119718309859155.
After update 80 times, the loss is [1.5582793], the accuracy is 0.4141975308641975.
After update 90 times, the loss is [1.5630916], the accuracy is 0.41197802197802197.
After update 100 times, the loss is [1.5611312], the accuracy is 0.41099009900990097.
After update 110 times, the loss is [1.5652969], the accuracy is 0.41072072072072074.
After update 120 times, the loss is [1.5661192], the accuracy is 0.4096694214876033.
After update 130 times, the loss is [1.5671033], the accuracy is 0.40984732824427483.
After update 140 times, the loss is [1.5689331], the accuracy is 0.4094326241134752.
After update 150 times, the loss is [1.5726379], the accuracy is 0.40788079470198674.
After update 160 times, the loss is [1.5803965], the accuracy is 0.4043478260869565.
After update 170 times, the loss is [1.5802609], the accuracy is 0.40608187134502927.
After update 180 times, the loss is [1.5828071], the accuracy is 0.40602209944751383.
After update 190 times, the loss is [1.5821432], the accuracy is 0.4069633507853403.
After update 200 times, the loss is [1.58126], the accuracy is 0.4071641791044776.
After update 210 times, the loss is [1.5810021], the accuracy is 0.40630331753554505.
After update 220 times, the loss is [1.5807809], the accuracy is 0.4066515837104072.
After update 230 times, the loss is [1.5812716], the accuracy is 0.4069264069264069.
After update 240 times, the loss is [1.5789474], the accuracy is 0.40759336099585064.
After update 250 times, the loss is [1.5765682], the accuracy is 0.40896414342629483.
After update 260 times, the loss is [1.5767249], the accuracy is 0.4096551724137931.
After update 270 times, the loss is [1.5771906], the accuracy is 0.40900369003690035.
After update 280 times, the loss is [1.576838], the accuracy is 0.40900355871886124.
After update 290 times, the loss is [1.5768427], the accuracy is 0.40876288659793814.
After update 300 times, the loss is [1.5750649], the accuracy is 0.40920265780730897.
After update 310 times, the loss is [1.5738105], the accuracy is 0.40993569131832797.
After update 320 times, the loss is [1.573716], the accuracy is 0.4103738317757009.
After update 330 times, the loss is [1.5748324], the accuracy is 0.4095166163141994.
After update 340 times, the loss is [1.5763319], the accuracy is 0.4090615835777126.
After update 350 times, the loss is [1.574636], the accuracy is 0.41025641025641024.
After update 360 times, the loss is [1.5741513], the accuracy is 0.4104432132963989.
After update 370 times, the loss is [1.5733918], the accuracy is 0.4111859838274933.
After update 380 times, the loss is [1.5745037], the accuracy is 0.41062992125984255.
After update 390 times, the loss is [1.5743678], the accuracy is 0.4106393861892583.
After update 400 times, the loss is [1.5745814], the accuracy is 0.4110473815461347.
After update 410 times, the loss is [1.5754987], the accuracy is 0.41058394160583944.
After update 420 times, the loss is [1.5754274], the accuracy is 0.4106650831353919.
After update 430 times, the loss is [1.574483], the accuracy is 0.4109048723897912.
After update 440 times, the loss is [1.5744007], the accuracy is 0.4112925170068027.
After update 450 times, the loss is [1.5743364], the accuracy is 0.41119733924611973.
After update 460 times, the loss is [1.5743437], the accuracy is 0.4111930585683297.
After update 470 times, the loss is [1.5736958], the accuracy is 0.4111677282377919.
After update 480 times, the loss is [1.5740217], the accuracy is 0.4110810810810811.
After update 490 times, the loss is [1.5737286], the accuracy is 0.41093686354378817.
After training 8 epochs, the loss is [1.590402], the accuracy is 0.4065.
Start epoch 9
After update 0 times, the loss is [1.6460835], the accuracy is 0.48.
After update 10 times, the loss is [1.5591279], the accuracy is 0.41545454545454547.
After update 20 times, the loss is [1.5411268], the accuracy is 0.4266666666666667.
After update 30 times, the loss is [1.5495831], the accuracy is 0.4248387096774194.
After update 40 times, the loss is [1.5519476], the accuracy is 0.42365853658536584.
After update 50 times, the loss is [1.5470493], the accuracy is 0.427843137254902.
After update 60 times, the loss is [1.5490354], the accuracy is 0.4277049180327869.
After update 70 times, the loss is [1.550041], the accuracy is 0.422112676056338.
After update 80 times, the loss is [1.5479091], the accuracy is 0.4245679012345679.
After update 90 times, the loss is [1.5528783], the accuracy is 0.42318681318681317.
After update 100 times, the loss is [1.5511342], the accuracy is 0.42148514851485147.
After update 110 times, the loss is [1.5552605], the accuracy is 0.42108108108108105.
After update 120 times, the loss is [1.5567534], the accuracy is 0.41884297520661157.
After update 130 times, the loss is [1.5580795], the accuracy is 0.41862595419847326.
After update 140 times, the loss is [1.5592921], the accuracy is 0.41815602836879434.
After update 150 times, the loss is [1.5624554], the accuracy is 0.41735099337748344.
After update 160 times, the loss is [1.5678616], the accuracy is 0.4148447204968944.
After update 170 times, the loss is [1.5667342], the accuracy is 0.41555555555555557.
After update 180 times, the loss is [1.5675669], the accuracy is 0.4161878453038674.
After update 190 times, the loss is [1.5666893], the accuracy is 0.41706806282722514.
After update 200 times, the loss is [1.5657182], the accuracy is 0.4172636815920398.
After update 210 times, the loss is [1.5654554], the accuracy is 0.416303317535545.
After update 220 times, the loss is [1.565018], the accuracy is 0.4160180995475113.
After update 230 times, the loss is [1.5652475], the accuracy is 0.41623376623376623.
After update 240 times, the loss is [1.56336], the accuracy is 0.4167634854771784.
After update 250 times, the loss is [1.5606141], the accuracy is 0.41808764940239046.
After update 260 times, the loss is [1.5612899], the accuracy is 0.4179693486590038.
After update 270 times, the loss is [1.5614136], the accuracy is 0.41763837638376383.
After update 280 times, the loss is [1.5606582], the accuracy is 0.4179003558718861.
After update 290 times, the loss is [1.5603513], the accuracy is 0.4173539518900344.
After update 300 times, the loss is [1.5588101], the accuracy is 0.41714285714285715.
After update 310 times, the loss is [1.5576681], the accuracy is 0.41784565916398714.
After update 320 times, the loss is [1.5577862], the accuracy is 0.4184735202492212.
After update 330 times, the loss is [1.5594511], the accuracy is 0.41755287009063446.
After update 340 times, the loss is [1.5607907], the accuracy is 0.41721407624633433.
After update 350 times, the loss is [1.5591282], the accuracy is 0.4183760683760684.
After update 360 times, the loss is [1.5587837], the accuracy is 0.4185595567867036.
After update 370 times, the loss is [1.5581424], the accuracy is 0.4192722371967655.
After update 380 times, the loss is [1.5596236], the accuracy is 0.41821522309711284.
After update 390 times, the loss is [1.5596828], the accuracy is 0.41831202046035804.
After update 400 times, the loss is [1.5599644], the accuracy is 0.41850374064837903.
After update 410 times, the loss is [1.5610665], the accuracy is 0.4179075425790754.
After update 420 times, the loss is [1.5609059], the accuracy is 0.41814726840855104.
After update 430 times, the loss is [1.5600353], the accuracy is 0.418538283062645.
After update 440 times, the loss is [1.5599735], the accuracy is 0.41852607709750567.
After update 450 times, the loss is [1.5600691], the accuracy is 0.41840354767184035.
After update 460 times, the loss is [1.560284], the accuracy is 0.4184598698481562.
After update 470 times, the loss is [1.5597067], the accuracy is 0.4182590233545648.
After update 480 times, the loss is [1.5598533], the accuracy is 0.41841995841995844.
After update 490 times, the loss is [1.5595745], the accuracy is 0.41822810590631365.
After training 9 epochs, the loss is [1.5810182], the accuracy is 0.4144.
